<?xml version="1.0" encoding="UTF-8"?>
<testsuite xmlns:xsi="http://www.w3.org/2001/XMLSchema-instance" xsi:schemaLocation="https://maven.apache.org/surefire/maven-surefire-plugin/xsd/surefire-test-report.xsd" name="com.mthree.flooringmastery.dao.FlooringMasteryDaoFileImplTest" time="0.782" tests="3" errors="0" skipped="0" failures="0">
  <properties>
[...]
</properties>
  <testcase name="testAddOrderOrderIsAdded" classname="com.mthree.flooringmastery.dao.FlooringMasteryDaoFileImplTest" time="0.42"/>
  <testcase name="testAddOrderCalculation" classname="com.mthree.flooringmastery.dao.FlooringMasteryDaoFileImplTest" time="0.058"/>
  <testcase name="testRemoveOrderAndGetOrdersForSpecifcDate" classname="com.mthree.flooringmastery.dao.FlooringMasteryDaoFileImplTest" time="0.17"/>
</testsuite>